{"C:\\Workspace\\track\\backend\\src\\app.module.ts": {"path":"C:\\Workspace\\track\\backend\\src\\app.module.ts","statementMap":{"0":{"start":{"line":1,"column":0},"end":{"line":1,"column":40}},"1":{"start":{"line":2,"column":0},"end":{"line":2,"column":61}},"2":{"start":{"line":3,"column":0},"end":{"line":3,"column":50}},"3":{"start":{"line":4,"column":0},"end":{"line":4,"column":51}},"4":{"start":{"line":5,"column":0},"end":{"line":5,"column":75}},"5":{"start":{"line":6,"column":0},"end":{"line":6,"column":57}},"6":{"start":{"line":17,"column":7},"end":{"line":17,"column":null}},"7":{"start":{"line":17,"column":13},"end":{"line":17,"column":22}},"8":{"start":{"line":17,"column":13},"end":{"line":17,"column":null}}},"fnMap":{},"branchMap":{},"s":{"0":0,"1":0,"2":0,"3":0,"4":0,"5":0,"6":0,"7":0,"8":0},"f":{},"b":{}}
,"C:\\Workspace\\track\\backend\\src\\db\\prisma.module.ts": {"path":"C:\\Workspace\\track\\backend\\src\\db\\prisma.module.ts","statementMap":{"0":{"start":{"line":1,"column":0},"end":{"line":1,"column":48}},"1":{"start":{"line":2,"column":0},"end":{"line":2,"column":49}},"2":{"start":{"line":9,"column":7},"end":{"line":9,"column":null}},"3":{"start":{"line":9,"column":13},"end":{"line":9,"column":25}},"4":{"start":{"line":9,"column":13},"end":{"line":9,"column":null}}},"fnMap":{},"branchMap":{},"s":{"0":0,"1":0,"2":0,"3":0,"4":0},"f":{},"b":{}}
,"C:\\Workspace\\track\\backend\\src\\db\\prisma.service.ts": {"path":"C:\\Workspace\\track\\backend\\src\\db\\prisma.service.ts","statementMap":{"0":{"start":{"line":1,"column":0},"end":{"line":1,"column":44}},"1":{"start":{"line":2,"column":0},"end":{"line":2,"column":48}},"2":{"start":{"line":5,"column":7},"end":{"line":6,"column":null}},"3":{"start":{"line":5,"column":13},"end":{"line":5,"column":26}},"4":{"start":{"line":5,"column":13},"end":{"line":6,"column":null}}},"fnMap":{},"branchMap":{},"s":{"0":0,"1":0,"2":0,"3":0,"4":0},"f":{},"b":{}}
,"C:\\Workspace\\track\\backend\\src\\functions\\create-transaction.service.ts": {"path":"C:\\Workspace\\track\\backend\\src\\functions\\create-transaction.service.ts","statementMap":{"0":{"start":{"line":1,"column":0},"end":{"line":1,"column":79}},"1":{"start":{"line":2,"column":0},"end":{"line":2,"column":54}},"2":{"start":{"line":3,"column":0},"end":{"line":3,"column":64}},"3":{"start":{"line":4,"column":0},"end":{"line":4,"column":46}},"4":{"start":{"line":5,"column":0},"end":{"line":5,"column":null}},"5":{"start":{"line":14,"column":0},"end":{"line":14,"column":28}},"6":{"start":{"line":16,"column":0},"end":{"line":16,"column":13}},"7":{"start":{"line":26,"column":2},"end":{"line":26,"column":null}},"8":{"start":{"line":34,"column":2},"end":{"line":34,"column":null}},"9":{"start":{"line":40,"column":2},"end":{"line":40,"column":null}},"10":{"start":{"line":44,"column":7},"end":{"line":76,"column":null}},"11":{"start":{"line":46,"column":21},"end":{"line":46,"column":29}},"12":{"start":{"line":47,"column":36},"end":{"line":47,"column":43}},"13":{"start":{"line":51,"column":17},"end":{"line":55,"column":6}},"14":{"start":{"line":57,"column":4},"end":{"line":59,"column":5}},"15":{"start":{"line":58,"column":6},"end":{"line":58,"column":70}},"16":{"start":{"line":61,"column":4},"end":{"line":72,"column":7}},"17":{"start":{"line":74,"column":4},"end":{"line":74,"column":57}},"18":{"start":{"line":44,"column":13},"end":{"line":44,"column":37}},"19":{"start":{"line":44,"column":13},"end":{"line":76,"column":null}}},"fnMap":{"0":{"name":"(anonymous_5)","decl":{"start":{"line":45,"column":2},"end":{"line":45,"column":null}},"loc":{"start":{"line":47,"column":48},"end":{"line":48,"column":6}}},"1":{"name":"(anonymous_6)","decl":{"start":{"line":50,"column":2},"end":{"line":50,"column":7}},"loc":{"start":{"line":50,"column":75},"end":{"line":75,"column":3}}}},"branchMap":{"0":{"loc":{"start":{"line":40,"column":8},"end":{"line":40,"column":24}},"type":"cond-expr","locations":[{"start":{"line":40,"column":23},"end":{"line":40,"column":24}},{"start":{"line":40,"column":23},"end":{"line":40,"column":24}}]},"1":{"loc":{"start":{"line":40,"column":8},"end":{"line":40,"column":23}},"type":"binary-expr","locations":[{"start":{"line":40,"column":8},"end":{"line":40,"column":24}},{"start":{"line":40,"column":8},"end":{"line":40,"column":23}}]},"2":{"loc":{"start":{"line":57,"column":4},"end":{"line":59,"column":5}},"type":"if","locations":[{"start":{"line":57,"column":4},"end":{"line":59,"column":5}},{"start":{},"end":{}}]},"3":{"loc":{"start":{"line":46,"column":29},"end":{"line":46,"column":null}},"type":"cond-expr","locations":[{"start":{"line":46,"column":42},"end":{"line":46,"column":null}},{"start":{"line":46,"column":42},"end":{"line":46,"column":null}}]},"4":{"loc":{"start":{"line":46,"column":29},"end":{"line":46,"column":42}},"type":"binary-expr","locations":[{"start":{"line":46,"column":29},"end":{"line":46,"column":null}},{"start":{"line":46,"column":29},"end":{"line":46,"column":42}}]},"5":{"loc":{"start":{"line":46,"column":42},"end":{"line":47,"column":null}},"type":"cond-expr","locations":[{"start":{"line":47,"column":48},"end":{"line":47,"column":null}},{"start":{"line":47,"column":48},"end":{"line":47,"column":null}}]},"6":{"loc":{"start":{"line":46,"column":42},"end":{"line":47,"column":48}},"type":"binary-expr","locations":[{"start":{"line":46,"column":42},"end":{"line":47,"column":null}},{"start":{"line":47,"column":43},"end":{"line":47,"column":48}}]}},"s":{"0":0,"1":0,"2":0,"3":0,"4":0,"5":0,"6":0,"7":0,"8":0,"9":0,"10":0,"11":0,"12":0,"13":0,"14":0,"15":0,"16":0,"17":0,"18":0,"19":0},"f":{"0":0,"1":0},"b":{"0":[0,0],"1":[0,0],"2":[0,0],"3":[0,0],"4":[0,0],"5":[0,0],"6":[0,0]}}
,"C:\\Workspace\\track\\backend\\src\\functions\\delete-transaction.service.ts": {"path":"C:\\Workspace\\track\\backend\\src\\functions\\delete-transaction.service.ts","statementMap":{"0":{"start":{"line":1,"column":0},"end":{"line":1,"column":79}},"1":{"start":{"line":2,"column":0},"end":{"line":2,"column":28}},"2":{"start":{"line":3,"column":0},"end":{"line":3,"column":54}},"3":{"start":{"line":6,"column":7},"end":{"line":33,"column":null}},"4":{"start":{"line":8,"column":21},"end":{"line":8,"column":29}},"5":{"start":{"line":9,"column":36},"end":{"line":9,"column":43}},"6":{"start":{"line":13,"column":24},"end":{"line":18,"column":6}},"7":{"start":{"line":20,"column":4},"end":{"line":22,"column":5}},"8":{"start":{"line":21,"column":6},"end":{"line":21,"column":77}},"9":{"start":{"line":24,"column":4},"end":{"line":29,"column":7}},"10":{"start":{"line":31,"column":4},"end":{"line":31,"column":57}},"11":{"start":{"line":6,"column":13},"end":{"line":6,"column":37}},"12":{"start":{"line":6,"column":13},"end":{"line":33,"column":null}}},"fnMap":{"0":{"name":"(anonymous_5)","decl":{"start":{"line":7,"column":2},"end":{"line":7,"column":null}},"loc":{"start":{"line":9,"column":48},"end":{"line":10,"column":6}}},"1":{"name":"(anonymous_6)","decl":{"start":{"line":12,"column":2},"end":{"line":12,"column":7}},"loc":{"start":{"line":12,"column":64},"end":{"line":32,"column":3}}}},"branchMap":{"0":{"loc":{"start":{"line":20,"column":4},"end":{"line":22,"column":5}},"type":"if","locations":[{"start":{"line":20,"column":4},"end":{"line":22,"column":5}},{"start":{},"end":{}}]},"1":{"loc":{"start":{"line":8,"column":29},"end":{"line":8,"column":null}},"type":"cond-expr","locations":[{"start":{"line":8,"column":42},"end":{"line":8,"column":null}},{"start":{"line":8,"column":42},"end":{"line":8,"column":null}}]},"2":{"loc":{"start":{"line":8,"column":29},"end":{"line":8,"column":42}},"type":"binary-expr","locations":[{"start":{"line":8,"column":29},"end":{"line":8,"column":null}},{"start":{"line":8,"column":29},"end":{"line":8,"column":42}}]},"3":{"loc":{"start":{"line":8,"column":42},"end":{"line":9,"column":null}},"type":"cond-expr","locations":[{"start":{"line":9,"column":48},"end":{"line":9,"column":null}},{"start":{"line":9,"column":48},"end":{"line":9,"column":null}}]},"4":{"loc":{"start":{"line":8,"column":42},"end":{"line":9,"column":48}},"type":"binary-expr","locations":[{"start":{"line":8,"column":42},"end":{"line":9,"column":null}},{"start":{"line":9,"column":43},"end":{"line":9,"column":48}}]}},"s":{"0":0,"1":0,"2":0,"3":0,"4":0,"5":0,"6":0,"7":0,"8":0,"9":0,"10":0,"11":0,"12":0},"f":{"0":0,"1":0},"b":{"0":[0,0],"1":[0,0],"2":[0,0],"3":[0,0],"4":[0,0]}}
,"C:\\Workspace\\track\\backend\\src\\functions\\find-all-transactions.service.ts": {"path":"C:\\Workspace\\track\\backend\\src\\functions\\find-all-transactions.service.ts","statementMap":{"0":{"start":{"line":1,"column":0},"end":{"line":1,"column":52}},"1":{"start":{"line":2,"column":0},"end":{"line":2,"column":28}},"2":{"start":{"line":3,"column":0},"end":{"line":3,"column":54}},"3":{"start":{"line":6,"column":7},"end":{"line":35,"column":null}},"4":{"start":{"line":8,"column":21},"end":{"line":8,"column":29}},"5":{"start":{"line":9,"column":36},"end":{"line":9,"column":43}},"6":{"start":{"line":13,"column":31},"end":{"line":14,"column":null}},"7":{"start":{"line":16,"column":4},"end":{"line":18,"column":5}},"8":{"start":{"line":17,"column":6},"end":{"line":17,"column":44}},"9":{"start":{"line":20,"column":25},"end":{"line":24,"column":6}},"10":{"start":{"line":26,"column":4},"end":{"line":31,"column":6}},"11":{"start":{"line":33,"column":4},"end":{"line":33,"column":24}},"12":{"start":{"line":6,"column":13},"end":{"line":6,"column":39}},"13":{"start":{"line":6,"column":13},"end":{"line":35,"column":null}}},"fnMap":{"0":{"name":"(anonymous_5)","decl":{"start":{"line":7,"column":2},"end":{"line":7,"column":null}},"loc":{"start":{"line":9,"column":48},"end":{"line":10,"column":6}}},"1":{"name":"(anonymous_6)","decl":{"start":{"line":12,"column":2},"end":{"line":12,"column":7}},"loc":{"start":{"line":12,"column":40},"end":{"line":34,"column":3}}}},"branchMap":{"0":{"loc":{"start":{"line":16,"column":4},"end":{"line":18,"column":5}},"type":"if","locations":[{"start":{"line":16,"column":4},"end":{"line":18,"column":5}},{"start":{},"end":{}}]},"1":{"loc":{"start":{"line":8,"column":29},"end":{"line":8,"column":null}},"type":"cond-expr","locations":[{"start":{"line":8,"column":42},"end":{"line":8,"column":null}},{"start":{"line":8,"column":42},"end":{"line":8,"column":null}}]},"2":{"loc":{"start":{"line":8,"column":29},"end":{"line":8,"column":42}},"type":"binary-expr","locations":[{"start":{"line":8,"column":29},"end":{"line":8,"column":null}},{"start":{"line":8,"column":29},"end":{"line":8,"column":42}}]},"3":{"loc":{"start":{"line":8,"column":42},"end":{"line":9,"column":null}},"type":"cond-expr","locations":[{"start":{"line":9,"column":48},"end":{"line":9,"column":null}},{"start":{"line":9,"column":48},"end":{"line":9,"column":null}}]},"4":{"loc":{"start":{"line":8,"column":42},"end":{"line":9,"column":48}},"type":"binary-expr","locations":[{"start":{"line":8,"column":42},"end":{"line":9,"column":null}},{"start":{"line":9,"column":43},"end":{"line":9,"column":48}}]}},"s":{"0":0,"1":0,"2":0,"3":0,"4":0,"5":0,"6":0,"7":0,"8":0,"9":0,"10":0,"11":0,"12":0,"13":0},"f":{"0":0,"1":0},"b":{"0":[0,0],"1":[0,0],"2":[0,0],"3":[0,0],"4":[0,0]}}
,"C:\\Workspace\\track\\backend\\src\\functions\\login.service.ts": {"path":"C:\\Workspace\\track\\backend\\src\\functions\\login.service.ts","statementMap":{"0":{"start":{"line":1,"column":0},"end":{"line":1,"column":71}},"1":{"start":{"line":2,"column":0},"end":{"line":2,"column":54}},"2":{"start":{"line":3,"column":0},"end":{"line":3,"column":33}},"3":{"start":{"line":4,"column":0},"end":{"line":4,"column":55}},"4":{"start":{"line":5,"column":0},"end":{"line":5,"column":46}},"5":{"start":{"line":7,"column":0},"end":{"line":7,"column":13}},"6":{"start":{"line":12,"column":2},"end":{"line":12,"column":null}},"7":{"start":{"line":17,"column":2},"end":{"line":17,"column":null}},"8":{"start":{"line":20,"column":0},"end":{"line":20,"column":13}},"9":{"start":{"line":25,"column":7},"end":{"line":55,"column":null}},"10":{"start":{"line":27,"column":21},"end":{"line":27,"column":29}},"11":{"start":{"line":28,"column":21},"end":{"line":28,"column":33}},"12":{"start":{"line":32,"column":17},"end":{"line":36,"column":6}},"13":{"start":{"line":38,"column":4},"end":{"line":40,"column":5}},"14":{"start":{"line":39,"column":6},"end":{"line":39,"column":70}},"15":{"start":{"line":42,"column":28},"end":{"line":42,"column":77}},"16":{"start":{"line":43,"column":4},"end":{"line":45,"column":5}},"17":{"start":{"line":44,"column":6},"end":{"line":44,"column":75}},"18":{"start":{"line":47,"column":18},"end":{"line":49,"column":6}},"19":{"start":{"line":51,"column":4},"end":{"line":53,"column":6}},"20":{"start":{"line":25,"column":13},"end":{"line":25,"column":25}},"21":{"start":{"line":25,"column":13},"end":{"line":55,"column":null}}},"fnMap":{"0":{"name":"(anonymous_11)","decl":{"start":{"line":26,"column":2},"end":{"line":26,"column":null}},"loc":{"start":{"line":28,"column":43},"end":{"line":29,"column":6}}},"1":{"name":"(anonymous_12)","decl":{"start":{"line":31,"column":2},"end":{"line":31,"column":7}},"loc":{"start":{"line":31,"column":36},"end":{"line":54,"column":3}}}},"branchMap":{"0":{"loc":{"start":{"line":38,"column":4},"end":{"line":40,"column":5}},"type":"if","locations":[{"start":{"line":38,"column":4},"end":{"line":40,"column":5}},{"start":{},"end":{}}]},"1":{"loc":{"start":{"line":43,"column":4},"end":{"line":45,"column":5}},"type":"if","locations":[{"start":{"line":43,"column":4},"end":{"line":45,"column":5}},{"start":{},"end":{}}]},"2":{"loc":{"start":{"line":27,"column":29},"end":{"line":27,"column":null}},"type":"cond-expr","locations":[{"start":{"line":27,"column":42},"end":{"line":27,"column":null}},{"start":{"line":27,"column":42},"end":{"line":27,"column":null}}]},"3":{"loc":{"start":{"line":27,"column":29},"end":{"line":27,"column":42}},"type":"binary-expr","locations":[{"start":{"line":27,"column":29},"end":{"line":27,"column":null}},{"start":{"line":27,"column":29},"end":{"line":27,"column":42}}]},"4":{"loc":{"start":{"line":27,"column":42},"end":{"line":28,"column":null}},"type":"cond-expr","locations":[{"start":{"line":28,"column":43},"end":{"line":28,"column":null}},{"start":{"line":28,"column":43},"end":{"line":28,"column":null}}]},"5":{"loc":{"start":{"line":27,"column":42},"end":{"line":28,"column":43}},"type":"binary-expr","locations":[{"start":{"line":27,"column":42},"end":{"line":28,"column":null}},{"start":{"line":28,"column":33},"end":{"line":28,"column":43}}]}},"s":{"0":0,"1":0,"2":0,"3":0,"4":0,"5":0,"6":0,"7":0,"8":0,"9":0,"10":0,"11":0,"12":0,"13":0,"14":0,"15":0,"16":0,"17":0,"18":0,"19":0,"20":0,"21":0},"f":{"0":0,"1":0},"b":{"0":[0,0],"1":[0,0],"2":[0,0],"3":[0,0],"4":[0,0],"5":[0,0]}}
,"C:\\Workspace\\track\\backend\\src\\functions\\register.service.ts": {"path":"C:\\Workspace\\track\\backend\\src\\functions\\register.service.ts","statementMap":{"0":{"start":{"line":1,"column":0},"end":{"line":1,"column":71}},"1":{"start":{"line":2,"column":0},"end":{"line":2,"column":69}},"2":{"start":{"line":3,"column":0},"end":{"line":3,"column":54}},"3":{"start":{"line":4,"column":0},"end":{"line":4,"column":33}},"4":{"start":{"line":5,"column":0},"end":{"line":5,"column":46}},"5":{"start":{"line":7,"column":0},"end":{"line":7,"column":13}},"6":{"start":{"line":15,"column":2},"end":{"line":15,"column":null}},"7":{"start":{"line":22,"column":2},"end":{"line":22,"column":null}},"8":{"start":{"line":30,"column":2},"end":{"line":30,"column":null}},"9":{"start":{"line":34,"column":7},"end":{"line":60,"column":null}},"10":{"start":{"line":35,"column":31},"end":{"line":35,"column":39}},"11":{"start":{"line":38,"column":46},"end":{"line":38,"column":49}},"12":{"start":{"line":40,"column":17},"end":{"line":44,"column":6}},"13":{"start":{"line":46,"column":4},"end":{"line":48,"column":5}},"14":{"start":{"line":47,"column":6},"end":{"line":47,"column":75}},"15":{"start":{"line":50,"column":27},"end":{"line":50,"column":58}},"16":{"start":{"line":52,"column":4},"end":{"line":58,"column":7}},"17":{"start":{"line":34,"column":13},"end":{"line":34,"column":28}},"18":{"start":{"line":34,"column":13},"end":{"line":60,"column":null}}},"fnMap":{"0":{"name":"(anonymous_11)","decl":{"start":{"line":35,"column":2},"end":{"line":35,"column":31}},"loc":{"start":{"line":35,"column":52},"end":{"line":35,"column":56}}},"1":{"name":"(anonymous_12)","decl":{"start":{"line":37,"column":2},"end":{"line":37,"column":7}},"loc":{"start":{"line":37,"column":39},"end":{"line":59,"column":3}}}},"branchMap":{"0":{"loc":{"start":{"line":46,"column":4},"end":{"line":48,"column":5}},"type":"if","locations":[{"start":{"line":46,"column":4},"end":{"line":48,"column":5}},{"start":{},"end":{}}]},"1":{"loc":{"start":{"line":35,"column":39},"end":{"line":35,"column":55}},"type":"cond-expr","locations":[{"start":{"line":35,"column":52},"end":{"line":35,"column":55}},{"start":{"line":35,"column":52},"end":{"line":35,"column":55}}]},"2":{"loc":{"start":{"line":35,"column":39},"end":{"line":35,"column":52}},"type":"binary-expr","locations":[{"start":{"line":35,"column":39},"end":{"line":35,"column":55}},{"start":{"line":35,"column":39},"end":{"line":35,"column":52}}]}},"s":{"0":0,"1":0,"2":0,"3":0,"4":0,"5":0,"6":0,"7":0,"8":0,"9":0,"10":0,"11":0,"12":0,"13":0,"14":0,"15":0,"16":0,"17":0,"18":0},"f":{"0":0,"1":0},"b":{"0":[0,0],"1":[0,0],"2":[0,0]}}
,"C:\\Workspace\\track\\backend\\src\\functions\\user-profile.service.ts": {"path":"C:\\Workspace\\track\\backend\\src\\functions\\user-profile.service.ts","statementMap":{"0":{"start":{"line":1,"column":0},"end":{"line":1,"column":71}},"1":{"start":{"line":2,"column":0},"end":{"line":2,"column":54}},"2":{"start":{"line":4,"column":0},"end":{"line":4,"column":13}},"3":{"start":{"line":13,"column":7},"end":{"line":31,"column":null}},"4":{"start":{"line":15,"column":21},"end":{"line":15,"column":29}},"5":{"start":{"line":19,"column":17},"end":{"line":23,"column":6}},"6":{"start":{"line":25,"column":4},"end":{"line":27,"column":5}},"7":{"start":{"line":26,"column":6},"end":{"line":26,"column":70}},"8":{"start":{"line":29,"column":4},"end":{"line":29,"column":42}},"9":{"start":{"line":13,"column":13},"end":{"line":13,"column":31}},"10":{"start":{"line":13,"column":13},"end":{"line":31,"column":null}}},"fnMap":{"0":{"name":"(anonymous_2)","decl":{"start":{"line":14,"column":2},"end":{"line":14,"column":null}},"loc":{"start":{"line":15,"column":42},"end":{"line":16,"column":6}}},"1":{"name":"(anonymous_3)","decl":{"start":{"line":18,"column":2},"end":{"line":18,"column":7}},"loc":{"start":{"line":18,"column":31},"end":{"line":30,"column":3}}}},"branchMap":{"0":{"loc":{"start":{"line":25,"column":4},"end":{"line":27,"column":5}},"type":"if","locations":[{"start":{"line":25,"column":4},"end":{"line":27,"column":5}},{"start":{},"end":{}}]},"1":{"loc":{"start":{"line":15,"column":29},"end":{"line":15,"column":null}},"type":"cond-expr","locations":[{"start":{"line":15,"column":42},"end":{"line":15,"column":null}},{"start":{"line":15,"column":42},"end":{"line":15,"column":null}}]},"2":{"loc":{"start":{"line":15,"column":29},"end":{"line":15,"column":42}},"type":"binary-expr","locations":[{"start":{"line":15,"column":29},"end":{"line":15,"column":null}},{"start":{"line":15,"column":29},"end":{"line":15,"column":42}}]}},"s":{"0":0,"1":0,"2":0,"3":0,"4":0,"5":0,"6":0,"7":0,"8":0,"9":0,"10":0},"f":{"0":0,"1":0},"b":{"0":[0,0],"1":[0,0],"2":[0,0]}}
,"C:\\Workspace\\track\\backend\\src\\functions\\enums\\transaction-type.enum.ts": {"path":"C:\\Workspace\\track\\backend\\src\\functions\\enums\\transaction-type.enum.ts","statementMap":{"0":{"start":{"line":1,"column":0},"end":{"line":1,"column":null}},"1":{"start":{"line":2,"column":2},"end":{"line":2,"column":null}},"2":{"start":{"line":3,"column":2},"end":{"line":3,"column":null}}},"fnMap":{"0":{"name":"(anonymous_0)","decl":{"start":{"line":1,"column":0},"end":{"line":1,"column":12}},"loc":{"start":{"line":1,"column":27},"end":{"line":4,"column":1}}}},"branchMap":{"0":{"loc":{"start":{"line":1,"column":12},"end":{"line":1,"column":null}},"type":"binary-expr","locations":[{"start":{"line":1,"column":12},"end":{"line":1,"column":27}},{"start":{"line":1,"column":27},"end":{"line":1,"column":null}}]}},"s":{"0":0,"1":0,"2":0},"f":{"0":0},"b":{"0":[0,0]}}
,"C:\\Workspace\\track\\backend\\src\\functions\\modules\\transaction.module.ts": {"path":"C:\\Workspace\\track\\backend\\src\\functions\\modules\\transaction.module.ts","statementMap":{"0":{"start":{"line":1,"column":0},"end":{"line":1,"column":40}},"1":{"start":{"line":2,"column":0},"end":{"line":2,"column":73}},"2":{"start":{"line":3,"column":0},"end":{"line":3,"column":87}},"3":{"start":{"line":4,"column":0},"end":{"line":4,"column":73}},"4":{"start":{"line":5,"column":0},"end":{"line":5,"column":87}},"5":{"start":{"line":6,"column":0},"end":{"line":6,"column":78}},"6":{"start":{"line":7,"column":0},"end":{"line":7,"column":92}},"7":{"start":{"line":21,"column":7},"end":{"line":21,"column":null}},"8":{"start":{"line":21,"column":13},"end":{"line":21,"column":30}},"9":{"start":{"line":21,"column":13},"end":{"line":21,"column":null}}},"fnMap":{},"branchMap":{},"s":{"0":0,"1":0,"2":0,"3":0,"4":0,"5":0,"6":0,"7":0,"8":0,"9":0},"f":{},"b":{}}
,"C:\\Workspace\\track\\backend\\src\\functions\\modules\\user.module.ts": {"path":"C:\\Workspace\\track\\backend\\src\\functions\\modules\\user.module.ts","statementMap":{"0":{"start":{"line":1,"column":0},"end":{"line":1,"column":40}},"1":{"start":{"line":2,"column":0},"end":{"line":2,"column":54}},"2":{"start":{"line":3,"column":0},"end":{"line":3,"column":68}},"3":{"start":{"line":4,"column":0},"end":{"line":4,"column":48}},"4":{"start":{"line":5,"column":0},"end":{"line":5,"column":62}},"5":{"start":{"line":6,"column":0},"end":{"line":6,"column":61}},"6":{"start":{"line":7,"column":0},"end":{"line":7,"column":75}},"7":{"start":{"line":13,"column":7},"end":{"line":13,"column":null}},"8":{"start":{"line":13,"column":13},"end":{"line":13,"column":23}},"9":{"start":{"line":13,"column":13},"end":{"line":13,"column":null}}},"fnMap":{},"branchMap":{},"s":{"0":0,"1":0,"2":0,"3":0,"4":0,"5":0,"6":0,"7":0,"8":0,"9":0},"f":{},"b":{}}
,"C:\\Workspace\\track\\backend\\src\\routes\\create-transaction.controller.ts": {"path":"C:\\Workspace\\track\\backend\\src\\routes\\create-transaction.controller.ts","statementMap":{"0":{"start":{"line":1,"column":0},"end":{"line":1,"column":67}},"1":{"start":{"line":2,"column":0},"end":{"line":2,"column":48}},"2":{"start":{"line":3,"column":0},"end":{"line":3,"column":null}},"3":{"start":{"line":7,"column":0},"end":{"line":7,"column":59}},"4":{"start":{"line":8,"column":0},"end":{"line":8,"column":51}},"5":{"start":{"line":11,"column":7},"end":{"line":23,"column":null}},"6":{"start":{"line":12,"column":31},"end":{"line":12,"column":40}},"7":{"start":{"line":21,"column":4},"end":{"line":21,"column":47}},"8":{"start":{"line":11,"column":13},"end":{"line":11,"column":40}},"9":{"start":{"line":17,"column":8},"end":{"line":22,"column":null}},"10":{"start":{"line":11,"column":13},"end":{"line":23,"column":null}}},"fnMap":{"0":{"name":"(anonymous_4)","decl":{"start":{"line":12,"column":2},"end":{"line":12,"column":31}},"loc":{"start":{"line":12,"column":64},"end":{"line":12,"column":68}}},"1":{"name":"(anonymous_5)","decl":{"start":{"line":17,"column":8},"end":{"line":17,"column":14}},"loc":{"start":{"line":19,"column":45},"end":{"line":22,"column":3}}}},"branchMap":{"0":{"loc":{"start":{"line":19,"column":18},"end":{"line":19,"column":null}},"type":"cond-expr","locations":[{"start":{"line":19,"column":45},"end":{"line":19,"column":null}},{"start":{"line":19,"column":45},"end":{"line":19,"column":null}}]},"1":{"loc":{"start":{"line":19,"column":18},"end":{"line":19,"column":45}},"type":"binary-expr","locations":[{"start":{"line":19,"column":18},"end":{"line":19,"column":null}},{"start":{"line":19,"column":18},"end":{"line":19,"column":45}}]},"2":{"loc":{"start":{"line":12,"column":40},"end":{"line":12,"column":67}},"type":"cond-expr","locations":[{"start":{"line":12,"column":64},"end":{"line":12,"column":67}},{"start":{"line":12,"column":64},"end":{"line":12,"column":67}}]},"3":{"loc":{"start":{"line":12,"column":40},"end":{"line":12,"column":64}},"type":"binary-expr","locations":[{"start":{"line":12,"column":40},"end":{"line":12,"column":67}},{"start":{"line":12,"column":40},"end":{"line":12,"column":64}}]}},"s":{"0":0,"1":0,"2":0,"3":0,"4":0,"5":0,"6":0,"7":0,"8":0,"9":0,"10":0},"f":{"0":0,"1":0},"b":{"0":[0,0],"1":[0,0],"2":[0,0],"3":[0,0]}}
,"C:\\Workspace\\track\\backend\\src\\routes\\delete-transaction.controller.ts": {"path":"C:\\Workspace\\track\\backend\\src\\routes\\delete-transaction.controller.ts","statementMap":{"0":{"start":{"line":1,"column":0},"end":{"line":1,"column":70}},"1":{"start":{"line":2,"column":0},"end":{"line":2,"column":59}},"2":{"start":{"line":3,"column":0},"end":{"line":3,"column":84}},"3":{"start":{"line":4,"column":0},"end":{"line":4,"column":59}},"4":{"start":{"line":5,"column":0},"end":{"line":5,"column":51}},"5":{"start":{"line":8,"column":7},"end":{"line":20,"column":null}},"6":{"start":{"line":9,"column":31},"end":{"line":9,"column":40}},"7":{"start":{"line":18,"column":4},"end":{"line":18,"column":57}},"8":{"start":{"line":8,"column":13},"end":{"line":8,"column":40}},"9":{"start":{"line":14,"column":8},"end":{"line":19,"column":null}},"10":{"start":{"line":8,"column":13},"end":{"line":20,"column":null}}},"fnMap":{"0":{"name":"(anonymous_4)","decl":{"start":{"line":9,"column":2},"end":{"line":9,"column":31}},"loc":{"start":{"line":9,"column":64},"end":{"line":9,"column":68}}},"1":{"name":"(anonymous_5)","decl":{"start":{"line":14,"column":8},"end":{"line":14,"column":14}},"loc":{"start":{"line":16,"column":39},"end":{"line":19,"column":3}}}},"branchMap":{"0":{"loc":{"start":{"line":9,"column":40},"end":{"line":9,"column":67}},"type":"cond-expr","locations":[{"start":{"line":9,"column":64},"end":{"line":9,"column":67}},{"start":{"line":9,"column":64},"end":{"line":9,"column":67}}]},"1":{"loc":{"start":{"line":9,"column":40},"end":{"line":9,"column":64}},"type":"binary-expr","locations":[{"start":{"line":9,"column":40},"end":{"line":9,"column":67}},{"start":{"line":9,"column":40},"end":{"line":9,"column":64}}]}},"s":{"0":0,"1":0,"2":0,"3":0,"4":0,"5":0,"6":0,"7":0,"8":0,"9":0,"10":0},"f":{"0":0,"1":0},"b":{"0":[0,0],"1":[0,0]}}
,"C:\\Workspace\\track\\backend\\src\\routes\\find-all-transactions.controller.ts": {"path":"C:\\Workspace\\track\\backend\\src\\routes\\find-all-transactions.controller.ts","statementMap":{"0":{"start":{"line":1,"column":0},"end":{"line":1,"column":60}},"1":{"start":{"line":2,"column":0},"end":{"line":2,"column":59}},"2":{"start":{"line":3,"column":0},"end":{"line":3,"column":89}},"3":{"start":{"line":4,"column":0},"end":{"line":4,"column":59}},"4":{"start":{"line":5,"column":0},"end":{"line":5,"column":51}},"5":{"start":{"line":8,"column":7},"end":{"line":17,"column":null}},"6":{"start":{"line":9,"column":31},"end":{"line":9,"column":41}},"7":{"start":{"line":15,"column":4},"end":{"line":15,"column":42}},"8":{"start":{"line":8,"column":13},"end":{"line":8,"column":42}},"9":{"start":{"line":14,"column":8},"end":{"line":16,"column":null}},"10":{"start":{"line":8,"column":13},"end":{"line":17,"column":null}}},"fnMap":{"0":{"name":"(anonymous_4)","decl":{"start":{"line":9,"column":2},"end":{"line":9,"column":31}},"loc":{"start":{"line":9,"column":67},"end":{"line":9,"column":71}}},"1":{"name":"(anonymous_5)","decl":{"start":{"line":14,"column":8},"end":{"line":14,"column":15}},"loc":{"start":{"line":14,"column":52},"end":{"line":16,"column":3}}}},"branchMap":{"0":{"loc":{"start":{"line":9,"column":41},"end":{"line":9,"column":70}},"type":"cond-expr","locations":[{"start":{"line":9,"column":67},"end":{"line":9,"column":70}},{"start":{"line":9,"column":67},"end":{"line":9,"column":70}}]},"1":{"loc":{"start":{"line":9,"column":41},"end":{"line":9,"column":67}},"type":"binary-expr","locations":[{"start":{"line":9,"column":41},"end":{"line":9,"column":70}},{"start":{"line":9,"column":41},"end":{"line":9,"column":67}}]}},"s":{"0":0,"1":0,"2":0,"3":0,"4":0,"5":0,"6":0,"7":0,"8":0,"9":0,"10":0},"f":{"0":0,"1":0},"b":{"0":[0,0],"1":[0,0]}}
,"C:\\Workspace\\track\\backend\\src\\routes\\login.controller.ts": {"path":"C:\\Workspace\\track\\backend\\src\\routes\\login.controller.ts","statementMap":{"0":{"start":{"line":1,"column":0},"end":{"line":1,"column":56}},"1":{"start":{"line":2,"column":0},"end":{"line":2,"column":76}},"2":{"start":{"line":5,"column":7},"end":{"line":12,"column":null}},"3":{"start":{"line":6,"column":31},"end":{"line":6,"column":40}},"4":{"start":{"line":10,"column":4},"end":{"line":10,"column":37}},"5":{"start":{"line":5,"column":13},"end":{"line":5,"column":28}},"6":{"start":{"line":9,"column":8},"end":{"line":11,"column":null}},"7":{"start":{"line":5,"column":13},"end":{"line":12,"column":null}}},"fnMap":{"0":{"name":"(anonymous_4)","decl":{"start":{"line":6,"column":2},"end":{"line":6,"column":31}},"loc":{"start":{"line":6,"column":52},"end":{"line":6,"column":56}}},"1":{"name":"(anonymous_5)","decl":{"start":{"line":9,"column":8},"end":{"line":9,"column":13}},"loc":{"start":{"line":9,"column":42},"end":{"line":11,"column":3}}}},"branchMap":{"0":{"loc":{"start":{"line":9,"column":27},"end":{"line":9,"column":null}},"type":"cond-expr","locations":[{"start":{"line":9,"column":42},"end":{"line":9,"column":null}},{"start":{"line":9,"column":42},"end":{"line":9,"column":null}}]},"1":{"loc":{"start":{"line":9,"column":27},"end":{"line":9,"column":42}},"type":"binary-expr","locations":[{"start":{"line":9,"column":27},"end":{"line":9,"column":null}},{"start":{"line":9,"column":27},"end":{"line":9,"column":42}}]},"2":{"loc":{"start":{"line":6,"column":40},"end":{"line":6,"column":55}},"type":"cond-expr","locations":[{"start":{"line":6,"column":52},"end":{"line":6,"column":55}},{"start":{"line":6,"column":52},"end":{"line":6,"column":55}}]},"3":{"loc":{"start":{"line":6,"column":40},"end":{"line":6,"column":52}},"type":"binary-expr","locations":[{"start":{"line":6,"column":40},"end":{"line":6,"column":55}},{"start":{"line":6,"column":40},"end":{"line":6,"column":52}}]}},"s":{"0":0,"1":0,"2":0,"3":0,"4":0,"5":0,"6":0,"7":0},"f":{"0":0,"1":0},"b":{"0":[0,0],"1":[0,0],"2":[0,0],"3":[0,0]}}
,"C:\\Workspace\\track\\backend\\src\\routes\\register.controller.ts": {"path":"C:\\Workspace\\track\\backend\\src\\routes\\register.controller.ts","statementMap":{"0":{"start":{"line":1,"column":0},"end":{"line":1,"column":56}},"1":{"start":{"line":2,"column":0},"end":{"line":2,"column":68}},"2":{"start":{"line":3,"column":0},"end":{"line":3,"column":65}},"3":{"start":{"line":6,"column":7},"end":{"line":13,"column":null}},"4":{"start":{"line":7,"column":31},"end":{"line":7,"column":40}},"5":{"start":{"line":11,"column":4},"end":{"line":11,"column":36}},"6":{"start":{"line":6,"column":13},"end":{"line":6,"column":31}},"7":{"start":{"line":10,"column":8},"end":{"line":12,"column":null}},"8":{"start":{"line":6,"column":13},"end":{"line":13,"column":null}}},"fnMap":{"0":{"name":"(anonymous_4)","decl":{"start":{"line":7,"column":2},"end":{"line":7,"column":31}},"loc":{"start":{"line":7,"column":55},"end":{"line":7,"column":59}}},"1":{"name":"(anonymous_5)","decl":{"start":{"line":10,"column":8},"end":{"line":10,"column":16}},"loc":{"start":{"line":10,"column":48},"end":{"line":12,"column":3}}}},"branchMap":{"0":{"loc":{"start":{"line":10,"column":30},"end":{"line":10,"column":null}},"type":"cond-expr","locations":[{"start":{"line":10,"column":48},"end":{"line":10,"column":null}},{"start":{"line":10,"column":48},"end":{"line":10,"column":null}}]},"1":{"loc":{"start":{"line":10,"column":30},"end":{"line":10,"column":48}},"type":"binary-expr","locations":[{"start":{"line":10,"column":30},"end":{"line":10,"column":null}},{"start":{"line":10,"column":30},"end":{"line":10,"column":48}}]},"2":{"loc":{"start":{"line":7,"column":40},"end":{"line":7,"column":58}},"type":"cond-expr","locations":[{"start":{"line":7,"column":55},"end":{"line":7,"column":58}},{"start":{"line":7,"column":55},"end":{"line":7,"column":58}}]},"3":{"loc":{"start":{"line":7,"column":40},"end":{"line":7,"column":55}},"type":"binary-expr","locations":[{"start":{"line":7,"column":40},"end":{"line":7,"column":58}},{"start":{"line":7,"column":40},"end":{"line":7,"column":55}}]}},"s":{"0":0,"1":0,"2":0,"3":0,"4":0,"5":0,"6":0,"7":0,"8":0},"f":{"0":0,"1":0},"b":{"0":[0,0],"1":[0,0],"2":[0,0],"3":[0,0]}}
,"C:\\Workspace\\track\\backend\\src\\routes\\user-profile.controller.ts": {"path":"C:\\Workspace\\track\\backend\\src\\routes\\user-profile.controller.ts","statementMap":{"0":{"start":{"line":1,"column":0},"end":{"line":1,"column":60}},"1":{"start":{"line":2,"column":0},"end":{"line":2,"column":48}},"2":{"start":{"line":3,"column":0},"end":{"line":3,"column":72}},"3":{"start":{"line":4,"column":0},"end":{"line":4,"column":59}},"4":{"start":{"line":5,"column":0},"end":{"line":5,"column":51}},"5":{"start":{"line":8,"column":7},"end":{"line":17,"column":null}},"6":{"start":{"line":9,"column":31},"end":{"line":9,"column":40}},"7":{"start":{"line":15,"column":4},"end":{"line":15,"column":41}},"8":{"start":{"line":8,"column":13},"end":{"line":8,"column":34}},"9":{"start":{"line":14,"column":8},"end":{"line":16,"column":null}},"10":{"start":{"line":8,"column":13},"end":{"line":17,"column":null}}},"fnMap":{"0":{"name":"(anonymous_4)","decl":{"start":{"line":9,"column":2},"end":{"line":9,"column":31}},"loc":{"start":{"line":9,"column":58},"end":{"line":9,"column":62}}},"1":{"name":"(anonymous_5)","decl":{"start":{"line":14,"column":8},"end":{"line":14,"column":15}},"loc":{"start":{"line":14,"column":52},"end":{"line":16,"column":3}}}},"branchMap":{"0":{"loc":{"start":{"line":9,"column":40},"end":{"line":9,"column":61}},"type":"cond-expr","locations":[{"start":{"line":9,"column":58},"end":{"line":9,"column":61}},{"start":{"line":9,"column":58},"end":{"line":9,"column":61}}]},"1":{"loc":{"start":{"line":9,"column":40},"end":{"line":9,"column":58}},"type":"binary-expr","locations":[{"start":{"line":9,"column":40},"end":{"line":9,"column":61}},{"start":{"line":9,"column":40},"end":{"line":9,"column":58}}]}},"s":{"0":0,"1":0,"2":0,"3":0,"4":0,"5":0,"6":0,"7":0,"8":0,"9":0,"10":0},"f":{"0":0,"1":0},"b":{"0":[0,0],"1":[0,0]}}
,"C:\\Workspace\\track\\backend\\src\\utils\\decorators\\user.decorator.ts": {"path":"C:\\Workspace\\track\\backend\\src\\utils\\decorators\\user.decorator.ts","statementMap":{"0":{"start":{"line":1,"column":0},"end":{"line":1,"column":72}},"1":{"start":{"line":4,"column":13},"end":{"line":11,"column":2}},"2":{"start":{"line":6,"column":20},"end":{"line":6,"column":51}},"3":{"start":{"line":7,"column":17},"end":{"line":7,"column":29}},"4":{"start":{"line":9,"column":4},"end":{"line":9,"column":38}}},"fnMap":{"0":{"name":"(anonymous_0)","decl":{"start":{"line":5,"column":2},"end":{"line":5,"column":3}},"loc":{"start":{"line":5,"column":64},"end":{"line":10,"column":3}}}},"branchMap":{"0":{"loc":{"start":{"line":9,"column":11},"end":{"line":9,"column":37}},"type":"cond-expr","locations":[{"start":{"line":9,"column":18},"end":{"line":9,"column":30}},{"start":{"line":9,"column":33},"end":{"line":9,"column":37}}]}},"s":{"0":0,"1":0,"2":0,"3":0,"4":0},"f":{"0":0},"b":{"0":[0,0]}}
,"C:\\Workspace\\track\\backend\\src\\utils\\jwt\\jwt.guard.ts": {"path":"C:\\Workspace\\track\\backend\\src\\utils\\jwt\\jwt.guard.ts","statementMap":{"0":{"start":{"line":1,"column":0},"end":{"line":1,"column":null}},"1":{"start":{"line":9,"column":0},"end":{"line":9,"column":43}},"2":{"start":{"line":12,"column":7},"end":{"line":38,"column":null}},"3":{"start":{"line":13,"column":22},"end":{"line":13,"column":34}},"4":{"start":{"line":18,"column":20},"end":{"line":18,"column":55}},"5":{"start":{"line":19,"column":23},"end":{"line":19,"column":52}},"6":{"start":{"line":21,"column":4},"end":{"line":26,"column":5}},"7":{"start":{"line":22,"column":6},"end":{"line":25,"column":8}},"8":{"start":{"line":28,"column":18},"end":{"line":28,"column":51}},"9":{"start":{"line":30,"column":4},"end":{"line":36,"column":5}},"10":{"start":{"line":31,"column":22},"end":{"line":31,"column":51}},"11":{"start":{"line":32,"column":6},"end":{"line":32,"column":29}},"12":{"start":{"line":33,"column":6},"end":{"line":33,"column":18}},"13":{"start":{"line":35,"column":6},"end":{"line":35,"column":72}},"14":{"start":{"line":12,"column":13},"end":{"line":12,"column":21}},"15":{"start":{"line":12,"column":13},"end":{"line":38,"column":null}}},"fnMap":{"0":{"name":"(anonymous_2)","decl":{"start":{"line":13,"column":2},"end":{"line":13,"column":22}},"loc":{"start":{"line":13,"column":44},"end":{"line":13,"column":48}}},"1":{"name":"(anonymous_3)","decl":{"start":{"line":15,"column":2},"end":{"line":15,"column":13}},"loc":{"start":{"line":16,"column":29},"end":{"line":37,"column":3}}}},"branchMap":{"0":{"loc":{"start":{"line":21,"column":4},"end":{"line":26,"column":5}},"type":"if","locations":[{"start":{"line":21,"column":4},"end":{"line":26,"column":5}},{"start":{},"end":{}}]},"1":{"loc":{"start":{"line":13,"column":34},"end":{"line":13,"column":47}},"type":"cond-expr","locations":[{"start":{"line":13,"column":44},"end":{"line":13,"column":47}},{"start":{"line":13,"column":44},"end":{"line":13,"column":47}}]},"2":{"loc":{"start":{"line":13,"column":34},"end":{"line":13,"column":44}},"type":"binary-expr","locations":[{"start":{"line":13,"column":34},"end":{"line":13,"column":47}},{"start":{"line":13,"column":34},"end":{"line":13,"column":44}}]}},"s":{"0":0,"1":0,"2":0,"3":0,"4":0,"5":0,"6":0,"7":0,"8":0,"9":0,"10":0,"11":0,"12":0,"13":0,"14":0,"15":0},"f":{"0":0,"1":0},"b":{"0":[0,0],"1":[0,0],"2":[0,0]}}
,"C:\\Workspace\\track\\backend\\src\\utils\\jwt\\jwt.module.ts": {"path":"C:\\Workspace\\track\\backend\\src\\utils\\jwt\\jwt.module.ts","statementMap":{"0":{"start":{"line":1,"column":0},"end":{"line":1,"column":48}},"1":{"start":{"line":2,"column":0},"end":{"line":2,"column":43}},"2":{"start":{"line":9,"column":7},"end":{"line":9,"column":null}},"3":{"start":{"line":9,"column":13},"end":{"line":9,"column":22}},"4":{"start":{"line":9,"column":13},"end":{"line":9,"column":null}}},"fnMap":{},"branchMap":{},"s":{"0":0,"1":0,"2":0,"3":0,"4":0},"f":{},"b":{}}
,"C:\\Workspace\\track\\backend\\src\\utils\\jwt\\jwt.secret.ts": {"path":"C:\\Workspace\\track\\backend\\src\\utils\\jwt\\jwt.secret.ts","statementMap":{"0":{"start":{"line":1,"column":13},"end":{"line":1,"column":59}}},"fnMap":{},"branchMap":{},"s":{"0":0},"f":{},"b":{}}
,"C:\\Workspace\\track\\backend\\src\\utils\\jwt\\jwt.service.ts": {"path":"C:\\Workspace\\track\\backend\\src\\utils\\jwt\\jwt.service.ts","statementMap":{"0":{"start":{"line":1,"column":0},"end":{"line":1,"column":44}},"1":{"start":{"line":2,"column":0},"end":{"line":2,"column":36}},"2":{"start":{"line":3,"column":0},"end":{"line":3,"column":42}},"3":{"start":{"line":10,"column":7},"end":{"line":18,"column":null}},"4":{"start":{"line":12,"column":4},"end":{"line":12,"column":63}},"5":{"start":{"line":16,"column":4},"end":{"line":16,"column":59}},"6":{"start":{"line":10,"column":13},"end":{"line":10,"column":23}},"7":{"start":{"line":10,"column":13},"end":{"line":18,"column":null}}},"fnMap":{"0":{"name":"(anonymous_10)","decl":{"start":{"line":11,"column":2},"end":{"line":11,"column":6}},"loc":{"start":{"line":11,"column":23},"end":{"line":13,"column":3}}},"1":{"name":"(anonymous_11)","decl":{"start":{"line":15,"column":2},"end":{"line":15,"column":8}},"loc":{"start":{"line":15,"column":22},"end":{"line":17,"column":3}}}},"branchMap":{},"s":{"0":0,"1":0,"2":0,"3":0,"4":0,"5":0,"6":0,"7":0},"f":{"0":0,"1":0},"b":{}}
,"C:\\Workspace\\track\\backend\\src\\utils\\redis\\redis.module.ts": {"path":"C:\\Workspace\\track\\backend\\src\\utils\\redis\\redis.module.ts","statementMap":{"0":{"start":{"line":1,"column":0},"end":{"line":1,"column":48}},"1":{"start":{"line":2,"column":0},"end":{"line":2,"column":49}},"2":{"start":{"line":9,"column":7},"end":{"line":9,"column":null}},"3":{"start":{"line":9,"column":13},"end":{"line":9,"column":24}},"4":{"start":{"line":9,"column":13},"end":{"line":9,"column":null}}},"fnMap":{},"branchMap":{},"s":{"0":0,"1":0,"2":0,"3":0,"4":0},"f":{},"b":{}}
,"C:\\Workspace\\track\\backend\\src\\utils\\redis\\redis.provider.ts": {"path":"C:\\Workspace\\track\\backend\\src\\utils\\redis\\redis.provider.ts","statementMap":{"0":{"start":{"line":2,"column":0},"end":{"line":2,"column":28}},"1":{"start":{"line":4,"column":13},"end":{"line":11,"column":2}},"2":{"start":{"line":7,"column":4},"end":{"line":10,"column":6}}},"fnMap":{"0":{"name":"(anonymous_1)","decl":{"start":{"line":6,"column":14},"end":{"line":6,"column":17}},"loc":{"start":{"line":7,"column":4},"end":{"line":10,"column":6}}}},"branchMap":{"0":{"loc":{"start":{"line":9,"column":13},"end":{"line":9,"column":61}},"type":"binary-expr","locations":[{"start":{"line":9,"column":13},"end":{"line":9,"column":46}},{"start":{"line":9,"column":50},"end":{"line":9,"column":61}}]}},"s":{"0":0,"1":0,"2":0},"f":{"0":0},"b":{"0":[0,0]}}
}
